<?xml version="1.0" encoding="UTF-8"?>
<testsuite xmlns:xsi="http://www.w3.org/2001/XMLSchema-instance" xsi:noNamespaceSchemaLocation="https://maven.apache.org/surefire/maven-surefire-plugin/xsd/surefire-test-report.xsd" name="ed23_Entrega.GeneradorIpTest" time="0.012" tests="10" errors="0" skipped="0" failures="0">
  <properties>
    <property name="java.specification.version" value="17"/>
    <property name="sun.cpu.isalist" value="amd64"/>
    <property name="sun.jnu.encoding" value="Cp1252"/>
    <property name="java.class.path" value="C:\Users\Mohammed\OneDrive\Escritorio\Cuatrovientos\Entornos de desarrollo\WorkSpace3Ev\ed23_Entrega\target\test-classes;C:\Users\Mohammed\OneDrive\Escritorio\Cuatrovientos\Entornos de desarrollo\WorkSpace3Ev\ed23_Entrega\target\classes;C:\Users\Mohammed\.m2\repository\org\junit\jupiter\junit-jupiter-engine\5.3.1\junit-jupiter-engine-5.3.1.jar;C:\Users\Mohammed\.m2\repository\org\apiguardian\apiguardian-api\1.0.0\apiguardian-api-1.0.0.jar;C:\Users\Mohammed\.m2\repository\org\junit\platform\junit-platform-engine\1.3.1\junit-platform-engine-1.3.1.jar;C:\Users\Mohammed\.m2\repository\org\junit\platform\junit-platform-commons\1.3.1\junit-platform-commons-1.3.1.jar;C:\Users\Mohammed\.m2\repository\org\opentest4j\opentest4j\1.1.1\opentest4j-1.1.1.jar;C:\Users\Mohammed\.m2\repository\org\junit\jupiter\junit-jupiter-api\5.3.1\junit-jupiter-api-5.3.1.jar;"/>
    <property name="java.vm.vendor" value="Eclipse Adoptium"/>
    <property name="sun.arch.data.model" value="64"/>
    <property name="user.variant" value=""/>
    <property name="java.vendor.url" value="https://adoptium.net/"/>
    <property name="user.timezone" value="Europe/Madrid"/>
    <property name="os.name" value="Windows 11"/>
    <property name="java.vm.specification.version" value="17"/>
    <property name="sun.java.launcher" value="SUN_STANDARD"/>
    <property name="user.country" value="ES"/>
    <property name="sun.boot.library.path" value="C:\IDE\eclipse\plugins\org.eclipse.justj.openjdk.hotspot.jre.full.win32.x86_64_17.0.4.v20220903-1038\jre\bin"/>
    <property name="sun.java.command" value="C:\Users\Mohammed\AppData\Local\Temp\surefire12214757173349999740\surefirebooter8567578462603867104.jar C:\Users\Mohammed\AppData\Local\Temp\surefire12214757173349999740 2023-05-07T18-28-26_239-jvmRun1 surefire6927052373548217993tmp surefire_015317797116986439402tmp"/>
    <property name="jdk.debug" value="release"/>
    <property name="surefire.test.class.path" value="C:\Users\Mohammed\OneDrive\Escritorio\Cuatrovientos\Entornos de desarrollo\WorkSpace3Ev\ed23_Entrega\target\test-classes;C:\Users\Mohammed\OneDrive\Escritorio\Cuatrovientos\Entornos de desarrollo\WorkSpace3Ev\ed23_Entrega\target\classes;C:\Users\Mohammed\.m2\repository\org\junit\jupiter\junit-jupiter-engine\5.3.1\junit-jupiter-engine-5.3.1.jar;C:\Users\Mohammed\.m2\repository\org\apiguardian\apiguardian-api\1.0.0\apiguardian-api-1.0.0.jar;C:\Users\Mohammed\.m2\repository\org\junit\platform\junit-platform-engine\1.3.1\junit-platform-engine-1.3.1.jar;C:\Users\Mohammed\.m2\repository\org\junit\platform\junit-platform-commons\1.3.1\junit-platform-commons-1.3.1.jar;C:\Users\Mohammed\.m2\repository\org\opentest4j\opentest4j\1.1.1\opentest4j-1.1.1.jar;C:\Users\Mohammed\.m2\repository\org\junit\jupiter\junit-jupiter-api\5.3.1\junit-jupiter-api-5.3.1.jar;"/>
    <property name="sun.cpu.endian" value="little"/>
    <property name="user.home" value="C:\Users\Mohammed"/>
    <property name="user.language" value="es"/>
    <property name="java.specification.vendor" value="Oracle Corporation"/>
    <property name="java.version.date" value="2022-08-12"/>
    <property name="java.home" value="C:\IDE\eclipse\plugins\org.eclipse.justj.openjdk.hotspot.jre.full.win32.x86_64_17.0.4.v20220903-1038\jre"/>
    <property name="file.separator" value="\"/>
    <property name="style.color" value="always"/>
    <property name="basedir" value="C:\Users\Mohammed\OneDrive\Escritorio\Cuatrovientos\Entornos de desarrollo\WorkSpace3Ev\ed23_Entrega"/>
    <property name="java.vm.compressedOopsMode" value="Zero based"/>
    <property name="line.separator" value="&#10;"/>
    <property name="java.vm.specification.vendor" value="Oracle Corporation"/>
    <property name="java.specification.name" value="Java Platform API Specification"/>
    <property name="surefire.real.class.path" value="C:\Users\Mohammed\AppData\Local\Temp\surefire12214757173349999740\surefirebooter8567578462603867104.jar"/>
    <property name="user.script" value=""/>
    <property name="sun.management.compiler" value="HotSpot 64-Bit Tiered Compilers"/>
    <property name="java.runtime.version" value="17.0.4.1+1"/>
    <property name="user.name" value="Mohammed"/>
    <property name="path.separator" value=";"/>
    <property name="os.version" value="10.0"/>
    <property name="java.runtime.name" value="OpenJDK Runtime Environment"/>
    <property name="file.encoding" value="Cp1252"/>
    <property name="java.vm.name" value="OpenJDK 64-Bit Server VM"/>
    <property name="java.vendor.version" value="Temurin-17.0.4.1+1"/>
    <property name="localRepository" value="C:\Users\Mohammed\.m2\repository"/>
    <property name="java.vendor.url.bug" value="https://github.com/adoptium/adoptium-support/issues"/>
    <property name="java.io.tmpdir" value="C:\Users\Mohammed\AppData\Local\Temp\"/>
    <property name="java.version" value="17.0.4.1"/>
    <property name="user.dir" value="C:\Users\Mohammed\OneDrive\Escritorio\Cuatrovientos\Entornos de desarrollo\WorkSpace3Ev\ed23_Entrega"/>
    <property name="os.arch" value="amd64"/>
    <property name="java.vm.specification.name" value="Java Virtual Machine Specification"/>
    <property name="sun.os.patch.level" value=""/>
    <property name="native.encoding" value="Cp1252"/>
    <property name="java.library.path" value="C:\IDE\eclipse\plugins\org.eclipse.justj.openjdk.hotspot.jre.full.win32.x86_64_17.0.4.v20220903-1038\jre\bin;C:\Windows\Sun\Java\bin;C:\Windows\system32;C:\Windows;C:/IDE/eclipse//plugins/org.eclipse.justj.openjdk.hotspot.jre.full.win32.x86_64_17.0.4.v20220903-1038/jre/bin/server;C:/IDE/eclipse//plugins/org.eclipse.justj.openjdk.hotspot.jre.full.win32.x86_64_17.0.4.v20220903-1038/jre/bin;C:\Users\Mohammed\OneDrive\Escritorio\Cuatrovientos\Entornos de desarrollo\1ÂºEv\maven\apache-maven-3.8.6\bin;C:\Program Files\Python310\Scripts\;C:\Program Files\Python310\;C:\WINDOWS\system32;C:\WINDOWS;C:\WINDOWS\System32\Wbem;C:\WINDOWS\System32\WindowsPowerShell\v1.0\;C:\WINDOWS\System32\OpenSSH\;C:\Windows\system32;C:\Windows;C:\Windows\System32\Wbem;C:\Windows\System32\WindowsPowerShell\v1.0\;C:\Windows\System32\OpenSSH\;C:\Program Files\PuTTY\;C:\Program Files\dotnet\;C:\Program Files\Git\cmd;C:\Program Files\Microsoft SQL Server\Client SDK\ODBC\170\Tools\Binn\;C:\Program Files (x86)\Microsoft SQL Server\150\Tools\Binn\;C:\Program Files\Microsoft SQL Server\150\Tools\Binn\;C:\Program Files\Microsoft SQL Server\150\DTS\Binn\;C:\Program Files (x86)\Microsoft SQL Server\150\DTS\Binn\;C:\Program Files\Azure Data Studio\bin;C:\Users\Mohammed\AppData\Local\Microsoft\WindowsApps;C:\Users\Mohammed\AppData\Local\atom\bin;C:\Users\Mohammed\AppData\Local\Microsoft\WindowsApps;C:\Users\Mohammed\AppData\Local\Programs\Microsoft VS Code\bin;C:\Users\Mohammed\.dotnet\tools;C:\Program Files\JetBrains\DataGrip 2022.3.3\bin;;C:\Program Files\Azure Data Studio\bin;C:\IDE\eclipse;;."/>
    <property name="java.vm.info" value="mixed mode"/>
    <property name="java.vendor" value="Eclipse Adoptium"/>
    <property name="java.vm.version" value="17.0.4.1+1"/>
    <property name="sun.io.unicode.encoding" value="UnicodeLittle"/>
    <property name="java.class.version" value="61.0"/>
  </properties>
  <testcase name="testGenerarNumero[1]" classname="ed23_Entrega.GeneradorIpTest" time="0.004"/>
  <testcase name="testGenerarNumero[2]" classname="ed23_Entrega.GeneradorIpTest" time="0"/>
  <testcase name="testGenerarNumero[3]" classname="ed23_Entrega.GeneradorIpTest" time="0"/>
  <testcase name="testGenerarNumero[4]" classname="ed23_Entrega.GeneradorIpTest" time="0"/>
  <testcase name="testGenerarNumero[5]" classname="ed23_Entrega.GeneradorIpTest" time="0"/>
  <testcase name="testGenerarNumero[6]" classname="ed23_Entrega.GeneradorIpTest" time="0"/>
  <testcase name="testGenerarNumero[7]" classname="ed23_Entrega.GeneradorIpTest" time="0"/>
  <testcase name="testGenerarNumero[8]" classname="ed23_Entrega.GeneradorIpTest" time="0"/>
  <testcase name="testGenerarNumero[9]" classname="ed23_Entrega.GeneradorIpTest" time="0"/>
  <testcase name="testGenerarNumero[10]" classname="ed23_Entrega.GeneradorIpTest" time="0"/>
</testsuite>